# JRE version: Java(TM) SE Runtime Environment (8.0_91-b14) (build 1.8.0_91-b14)
# Java VM: Java HotSpot(TM) Client VM (25.91-b14 mixed mode linux-x86 )
Heap:
 def new generation   total 5056K, used 693K [0xa5000000, 0xa5570000, 0xaa2a0000)
  eden space 4544K,   3% used [0xa5000000, 0xa502d6d0, 0xa5470000)
  from space 512K, 100% used [0xa54f0000, 0xa5570000, 0xa5570000)
  to   space 512K,   0% used [0xa5470000, 0xa5470000, 0xa54f0000)
 tenured generation   total 10944K, used 10587K [0xaa2a0000, 0xaad50000, 0xb4800000)
   the space 10944K,  96% used [0xaa2a0000, 0xaacf6f08, 0xaacf7000, 0xaad50000)
 Metaspace       used 17899K, capacity 18151K, committed 18304K, reserved 18736K
GC Heap History (10 events):
Event: 17.817 GC heap before
{Heap before GC invocations=13 (full 1):
 def new generation   total 5056K, used 5055K [0xa5000000, 0xa5570000, 0xaa2a0000)
  eden space 4544K, 100% used [0xa5000000, 0xa5470000, 0xa5470000)
  from space 512K,  99% used [0xa5470000, 0xa54efff8, 0xa54f0000)
  to   space 512K,   0% used [0xa54f0000, 0xa54f0000, 0xa5570000)
 tenured generation   total 10944K, used 7674K [0xaa2a0000, 0xaad50000, 0xb4800000)
   the space 10944K,  70% used [0xaa2a0000, 0xaaa1e9f8, 0xaaa1ea00, 0xaad50000)
 Metaspace       used 15356K, capacity 15593K, committed 15744K, reserved 16688K
Event: 17.842 GC heap after
Heap after GC invocations=14 (full 1):
 def new generation   total 5056K, used 512K [0xa5000000, 0xa5570000, 0xaa2a0000)
  eden space 4544K,   0% used [0xa5000000, 0xa5000000, 0xa5470000)
  from space 512K, 100% used [0xa54f0000, 0xa5570000, 0xa5570000)
  to   space 512K,   0% used [0xa5470000, 0xa5470000, 0xa54f0000)
 tenured generation   total 10944K, used 8811K [0xaa2a0000, 0xaad50000, 0xb4800000)
   the space 10944K,  80% used [0xaa2a0000, 0xaab3af70, 0xaab3b000, 0xaad50000)
 Metaspace       used 15356K, capacity 15593K, committed 15744K, reserved 16688K
}
Event: 18.795 GC heap before
{Heap before GC invocations=14 (full 1):
 def new generation   total 5056K, used 5056K [0xa5000000, 0xa5570000, 0xaa2a0000)
  eden space 4544K, 100% used [0xa5000000, 0xa5470000, 0xa5470000)
  from space 512K, 100% used [0xa54f0000, 0xa5570000, 0xa5570000)
  to   space 512K,   0% used [0xa5470000, 0xa5470000, 0xa54f0000)
 tenured generation   total 10944K, used 8811K [0xaa2a0000, 0xaad50000, 0xb4800000)
   the space 10944K,  80% used [0xaa2a0000, 0xaab3af70, 0xaab3b000, 0xaad50000)
 Metaspace       used 16339K, capacity 16558K, committed 16768K, reserved 17712K
Event: 18.819 GC heap after
Heap after GC invocations=15 (full 1):
 def new generation   total 5056K, used 511K [0xa5000000, 0xa5570000, 0xaa2a0000)
  eden space 4544K,   0% used [0xa5000000, 0xa5000000, 0xa5470000)
  from space 512K,  99% used [0xa5470000, 0xa54efff8, 0xa54f0000)
  to   space 512K,   0% used [0xa54f0000, 0xa54f0000, 0xa5570000)
 tenured generation   total 10944K, used 9491K [0xaa2a0000, 0xaad50000, 0xb4800000)
   the space 10944K,  86% used [0xaa2a0000, 0xaabe4f30, 0xaabe5000, 0xaad50000)
 Metaspace       used 16339K, capacity 16558K, committed 16768K, reserved 17712K
}
Event: 20.399 GC heap before
{Heap before GC invocations=15 (full 1):
 def new generation   total 5056K, used 5055K [0xa5000000, 0xa5570000, 0xaa2a0000)
  eden space 4544K, 100% used [0xa5000000, 0xa5470000, 0xa5470000)
  from space 512K,  99% used [0xa5470000, 0xa54efff8, 0xa54f0000)
  to   space 512K,   0% used [0xa54f0000, 0xa54f0000, 0xa5570000)
 tenured generation   total 10944K, used 9491K [0xaa2a0000, 0xaad50000, 0xb4800000)
   the space 10944K,  86% used [0xaa2a0000, 0xaabe4f30, 0xaabe5000, 0xaad50000)
 Metaspace       used 17061K, capacity 17292K, committed 17408K, reserved 17712K
Event: 20.418 GC heap after
Heap after GC invocations=16 (full 1):
 def new generation   total 5056K, used 512K [0xa5000000, 0xa5570000, 0xaa2a0000)
  eden space 4544K,   0% used [0xa5000000, 0xa5000000, 0xa5470000)
  from space 512K, 100% used [0xa54f0000, 0xa5570000, 0xa5570000)
  to   space 512K,   0% used [0xa5470000, 0xa5470000, 0xa54f0000)
 tenured generation   total 10944K, used 9907K [0xaa2a0000, 0xaad50000, 0xb4800000)
   the space 10944K,  90% used [0xaa2a0000, 0xaac4cec0, 0xaac4d000, 0xaad50000)
 Metaspace       used 17061K, capacity 17292K, committed 17408K, reserved 17712K
}
Event: 21.211 GC heap before
{Heap before GC invocations=16 (full 1):
 def new generation   total 5056K, used 5056K [0xa5000000, 0xa5570000, 0xaa2a0000)
  eden space 4544K, 100% used [0xa5000000, 0xa5470000, 0xa5470000)
  from space 512K, 100% used [0xa54f0000, 0xa5570000, 0xa5570000)
  to   space 512K,   0% used [0xa5470000, 0xa5470000, 0xa54f0000)
 tenured generation   total 10944K, used 9907K [0xaa2a0000, 0xaad50000, 0xb4800000)
   the space 10944K,  90% used [0xaa2a0000, 0xaac4cec0, 0xaac4d000, 0xaad50000)
 Metaspace       used 17465K, capacity 17710K, committed 17920K, reserved 18736K
Event: 21.224 GC heap after
Heap after GC invocations=17 (full 1):
 def new generation   total 5056K, used 512K [0xa5000000, 0xa5570000, 0xaa2a0000)
  eden space 4544K,   0% used [0xa5000000, 0xa5000000, 0xa5470000)
  from space 512K, 100% used [0xa5470000, 0xa54f0000, 0xa54f0000)
  to   space 512K,   0% used [0xa54f0000, 0xa54f0000, 0xa5570000)
 tenured generation   total 10944K, used 10369K [0xaa2a0000, 0xaad50000, 0xb4800000)
   the space 10944K,  94% used [0xaa2a0000, 0xaacc0488, 0xaacc0600, 0xaad50000)
 Metaspace       used 17465K, capacity 17710K, committed 17920K, reserved 18736K
}
Event: 38.508 GC heap before
{Heap before GC invocations=17 (full 1):
 def new generation   total 5056K, used 5056K [0xa5000000, 0xa5570000, 0xaa2a0000)
  eden space 4544K, 100% used [0xa5000000, 0xa5470000, 0xa5470000)
  from space 512K, 100% used [0xa5470000, 0xa54f0000, 0xa54f0000)
  to   space 512K,   0% used [0xa54f0000, 0xa54f0000, 0xa5570000)
 tenured generation   total 10944K, used 10369K [0xaa2a0000, 0xaad50000, 0xb4800000)
   the space 10944K,  94% used [0xaa2a0000, 0xaacc0488, 0xaacc0600, 0xaad50000)
 Metaspace       used 17897K, capacity 18151K, committed 18304K, reserved 18736K
Event: 38.526 GC heap after
Heap after GC invocations=18 (full 1):
 def new generation   total 5056K, used 512K [0xa5000000, 0xa5570000, 0xaa2a0000)
  eden space 4544K,   0% used [0xa5000000, 0xa5000000, 0xa5470000)
  from space 512K, 100% used [0xa54f0000, 0xa5570000, 0xa5570000)
  to   space 512K,   0% used [0xa5470000, 0xa5470000, 0xa54f0000)
 tenured generation   total 10944K, used 10587K [0xaa2a0000, 0xaad50000, 0xb4800000)
   the space 10944K,  96% used [0xaa2a0000, 0xaacf6f08, 0xaacf7000, 0xaad50000)
 Metaspace       used 17897K, capacity 18151K, committed 18304K, reserved 18736K
}

